[0.693s] Invoking command in '/home/yoy/rosLabs/module4/ex02/src/learning_tf2_py': PYTHONPATH=/home/yoy/rosLabs/module4/ex02/build/learning_tf2_py/prefix_override:/home/yoy/rosLabs/module4/ex02/install/learning_tf2_py/lib/python3.10/site-packages:${PYTHONPATH} /usr/bin/python3 setup.py egg_info --egg-base ../../build/learning_tf2_py build --build-base /home/yoy/rosLabs/module4/ex02/build/learning_tf2_py/build install --record /home/yoy/rosLabs/module4/ex02/build/learning_tf2_py/install.log --single-version-externally-managed
[0.909s] running egg_info
[0.910s] creating ../../build/learning_tf2_py/learning_tf2_py.egg-info
[0.910s] writing ../../build/learning_tf2_py/learning_tf2_py.egg-info/PKG-INFO
[0.910s] writing dependency_links to ../../build/learning_tf2_py/learning_tf2_py.egg-info/dependency_links.txt
[0.911s] writing entry points to ../../build/learning_tf2_py/learning_tf2_py.egg-info/entry_points.txt
[0.911s] writing requirements to ../../build/learning_tf2_py/learning_tf2_py.egg-info/requires.txt
[0.911s] writing top-level names to ../../build/learning_tf2_py/learning_tf2_py.egg-info/top_level.txt
[0.911s] writing manifest file '../../build/learning_tf2_py/learning_tf2_py.egg-info/SOURCES.txt'
[0.912s] reading manifest file '../../build/learning_tf2_py/learning_tf2_py.egg-info/SOURCES.txt'
[0.913s] writing manifest file '../../build/learning_tf2_py/learning_tf2_py.egg-info/SOURCES.txt'
[0.913s] running build
[0.913s] running build_py
[0.913s] creating /home/yoy/rosLabs/module4/ex02/build/learning_tf2_py/build
[0.913s] creating /home/yoy/rosLabs/module4/ex02/build/learning_tf2_py/build/lib
[0.914s] creating /home/yoy/rosLabs/module4/ex02/build/learning_tf2_py/build/lib/learning_tf2_py
[0.914s] copying learning_tf2_py/__init__.py -> /home/yoy/rosLabs/module4/ex02/build/learning_tf2_py/build/lib/learning_tf2_py
[0.914s] copying learning_tf2_py/turtle_tf2_listener.py -> /home/yoy/rosLabs/module4/ex02/build/learning_tf2_py/build/lib/learning_tf2_py
[0.914s] copying learning_tf2_py/dynamic_frame_tf2_broadcaster.py -> /home/yoy/rosLabs/module4/ex02/build/learning_tf2_py/build/lib/learning_tf2_py
[0.914s] copying learning_tf2_py/turtle_tf2_broadcaster.py -> /home/yoy/rosLabs/module4/ex02/build/learning_tf2_py/build/lib/learning_tf2_py
[0.914s] running install
[0.914s] /usr/lib/python3/dist-packages/setuptools/command/install.py:34: SetuptoolsDeprecationWarning: setup.py install is deprecated. Use build and pip and other standards-based tools.
[0.914s]   warnings.warn(
[0.914s] running install_lib
[0.915s] creating /home/yoy/rosLabs/module4/ex02/install/learning_tf2_py/lib/python3.10/site-packages/learning_tf2_py
[0.915s] copying /home/yoy/rosLabs/module4/ex02/build/learning_tf2_py/build/lib/learning_tf2_py/__init__.py -> /home/yoy/rosLabs/module4/ex02/install/learning_tf2_py/lib/python3.10/site-packages/learning_tf2_py
[0.915s] copying /home/yoy/rosLabs/module4/ex02/build/learning_tf2_py/build/lib/learning_tf2_py/turtle_tf2_listener.py -> /home/yoy/rosLabs/module4/ex02/install/learning_tf2_py/lib/python3.10/site-packages/learning_tf2_py
[0.916s] copying /home/yoy/rosLabs/module4/ex02/build/learning_tf2_py/build/lib/learning_tf2_py/dynamic_frame_tf2_broadcaster.py -> /home/yoy/rosLabs/module4/ex02/install/learning_tf2_py/lib/python3.10/site-packages/learning_tf2_py
[0.916s] copying /home/yoy/rosLabs/module4/ex02/build/learning_tf2_py/build/lib/learning_tf2_py/turtle_tf2_broadcaster.py -> /home/yoy/rosLabs/module4/ex02/install/learning_tf2_py/lib/python3.10/site-packages/learning_tf2_py
[0.916s] byte-compiling /home/yoy/rosLabs/module4/ex02/install/learning_tf2_py/lib/python3.10/site-packages/learning_tf2_py/__init__.py to __init__.cpython-310.pyc
[0.916s] byte-compiling /home/yoy/rosLabs/module4/ex02/install/learning_tf2_py/lib/python3.10/site-packages/learning_tf2_py/turtle_tf2_listener.py to turtle_tf2_listener.cpython-310.pyc
[0.917s] byte-compiling /home/yoy/rosLabs/module4/ex02/install/learning_tf2_py/lib/python3.10/site-packages/learning_tf2_py/dynamic_frame_tf2_broadcaster.py to dynamic_frame_tf2_broadcaster.cpython-310.pyc
[0.917s] byte-compiling /home/yoy/rosLabs/module4/ex02/install/learning_tf2_py/lib/python3.10/site-packages/learning_tf2_py/turtle_tf2_broadcaster.py to turtle_tf2_broadcaster.cpython-310.pyc
[0.918s] running install_data
[0.918s] creating /home/yoy/rosLabs/module4/ex02/install/learning_tf2_py/share/ament_index
[0.918s] creating /home/yoy/rosLabs/module4/ex02/install/learning_tf2_py/share/ament_index/resource_index
[0.918s] creating /home/yoy/rosLabs/module4/ex02/install/learning_tf2_py/share/ament_index/resource_index/packages
[0.919s] copying resource/learning_tf2_py -> /home/yoy/rosLabs/module4/ex02/install/learning_tf2_py/share/ament_index/resource_index/packages
[0.919s] copying package.xml -> /home/yoy/rosLabs/module4/ex02/install/learning_tf2_py/share/learning_tf2_py
[0.919s] creating /home/yoy/rosLabs/module4/ex02/install/learning_tf2_py/share/learning_tf2_py/launch
[0.919s] copying launch/dynamicFrame.launch.py -> /home/yoy/rosLabs/module4/ex02/install/learning_tf2_py/share/learning_tf2_py/launch
[0.919s] running install_egg_info
[0.920s] Copying ../../build/learning_tf2_py/learning_tf2_py.egg-info to /home/yoy/rosLabs/module4/ex02/install/learning_tf2_py/lib/python3.10/site-packages/learning_tf2_py-0.0.0-py3.10.egg-info
[0.921s] running install_scripts
[0.938s] Installing dynamic_frame_tf2_broadcaster script to /home/yoy/rosLabs/module4/ex02/install/learning_tf2_py/lib/learning_tf2_py
[0.938s] Installing turtle_tf2_broadcaster script to /home/yoy/rosLabs/module4/ex02/install/learning_tf2_py/lib/learning_tf2_py
[0.939s] Installing turtle_tf2_listener script to /home/yoy/rosLabs/module4/ex02/install/learning_tf2_py/lib/learning_tf2_py
[0.939s] writing list of installed files to '/home/yoy/rosLabs/module4/ex02/build/learning_tf2_py/install.log'
[0.958s] Invoked command in '/home/yoy/rosLabs/module4/ex02/src/learning_tf2_py' returned '0': PYTHONPATH=/home/yoy/rosLabs/module4/ex02/build/learning_tf2_py/prefix_override:/home/yoy/rosLabs/module4/ex02/install/learning_tf2_py/lib/python3.10/site-packages:${PYTHONPATH} /usr/bin/python3 setup.py egg_info --egg-base ../../build/learning_tf2_py build --build-base /home/yoy/rosLabs/module4/ex02/build/learning_tf2_py/build install --record /home/yoy/rosLabs/module4/ex02/build/learning_tf2_py/install.log --single-version-externally-managed
